<?xml version="1.0" encoding="UTF-8"?>
<!-- Generated by org.testng.reporters.JUnitReportReporter -->
<testsuite hostname="LAPTOP-K322O225" failures="0" tests="2" name="orgTest.CreateOrgTest" time="0.005" errors="0" timestamp="2025-03-18T12:15:34 IST" skipped="0">
  <testcase classname="orgTest.CreateOrgTest" name="modifyTest" time="0.001"/>
  <testcase classname="orgTest.CreateOrgTest" name="createTest" time="0.004"/>
</testsuite> <!-- orgTest.CreateOrgTest -->
