<?xml version="1.0" encoding="UTF-8"?>
<!-- Generated by org.testng.reporters.JUnitReportReporter -->
<testsuite hostname="LAPTOP-K322O225" failures="0" tests="2" name="contactTest.CreateContactTest" time="0.000" errors="0" timestamp="2025-03-14T12:35:34 IST" skipped="0">
  <testcase classname="contactTest.CreateContactTest" name="createTest" time="0.000"/>
  <testcase classname="contactTest.CreateContactTest" name="modifyTest" time="0.000"/>
</testsuite> <!-- contactTest.CreateContactTest -->
